<?xml version="1.0" encoding="UTF-8"?>
<!-- Generated by org.testng.reporters.JUnitReportReporter -->
<testsuite hostname="Jose" failures="0" tests="1" name="Testpage.RegTest" time="30.889" errors="0" timestamp="2024-10-31T14:50:32 IST" skipped="0">
  <testcase classname="Testpage.RegTest" name="Registration" time="30.889"/>
  <system-out/>
</testsuite> <!-- Testpage.RegTest -->
