<?xml version="1.0" encoding="UTF-8"?>
<!-- Generated by org.testng.reporters.JUnitReportReporter -->
<testsuite hostname="Jose" failures="0" tests="1" name="Testpage.RegTest" time="37.979" errors="0" timestamp="2024-11-06T15:36:44 IST" skipped="0">
  <testcase classname="Testpage.RegTest" name="Registration" time="37.979"/>
  <system-out/>
</testsuite> <!-- Testpage.RegTest -->
