<?xml version="1.0" encoding="UTF-8"?>
<!-- Generated by org.testng.reporters.JUnitReportReporter -->
<testsuite hostname="Jose" failures="0" tests="1" name="Testpage.SearchpgTest" time="34.341" errors="0" timestamp="2024-11-06T00:46:59 IST" skipped="0">
  <testcase classname="Testpage.SearchpgTest" name="datepicker" time="34.341"/>
  <system-out/>
</testsuite> <!-- Testpage.SearchpgTest -->
