<?xml version="1.0" encoding="UTF-8"?>
<!-- Generated by org.testng.reporters.JUnitReportReporter -->
<testsuite hostname="Jose" failures="0" tests="1" name="Testpage.ScreenshotTest" time="0.969" errors="0" timestamp="2024-10-31T14:50:32 IST" skipped="0">
  <testcase classname="Testpage.ScreenshotTest" name="testScreenshot" time="0.969"/>
  <system-out/>
</testsuite> <!-- Testpage.ScreenshotTest -->
