<?xml version="1.0" encoding="UTF-8"?>
<!-- Generated by org.testng.reporters.JUnitReportReporter -->
<testsuite hostname="Jose" failures="0" tests="2" name="Testpage.HomepgTest" time="0.126" errors="0" timestamp="2024-10-31T14:50:32 IST" skipped="0">
  <testcase classname="Testpage.HomepgTest" name="titleverification" time="0.055"/>
  <system-out/>
  <testcase classname="Testpage.HomepgTest" name="logoverification" time="0.071"/>
  <system-out/>
</testsuite> <!-- Testpage.HomepgTest -->
