<?xml version="1.0" encoding="UTF-8"?>
<!-- Generated by org.testng.reporters.JUnitReportReporter -->
<testsuite hostname="Jose" failures="0" tests="1" name="Testpage.LinksTest" time="58.939" errors="0" timestamp="2024-10-31T14:50:32 IST" skipped="0">
  <testcase classname="Testpage.LinksTest" name="links" time="58.939"/>
  <system-out/>
</testsuite> <!-- Testpage.LinksTest -->
