<?xml version="1.0" encoding="UTF-8"?>
<!-- Generated by org.testng.reporters.JUnitReportReporter -->
<testsuite hostname="Jose" failures="0" tests="1" name="Testpage.LinksTest" time="55.590" errors="0" timestamp="2024-11-06T00:46:59 IST" skipped="0">
  <testcase classname="Testpage.LinksTest" name="links" time="55.590"/>
  <system-out/>
</testsuite> <!-- Testpage.LinksTest -->
