<?xml version="1.0" encoding="UTF-8"?>
<!-- Generated by org.testng.reporters.JUnitReportReporter -->
<testsuite hostname="Jose" failures="0" tests="2" name="Testpage.HomepgTest" time="0.084" errors="0" timestamp="2024-11-06T00:46:59 IST" skipped="0">
  <testcase classname="Testpage.HomepgTest" name="logoverification" time="0.068"/>
  <system-out/>
  <testcase classname="Testpage.HomepgTest" name="titleverification" time="0.016"/>
  <system-out/>
</testsuite> <!-- Testpage.HomepgTest -->
